<?xml version="1.0" encoding="UTF-8"?>
<testng-results ignored="0" total="1" passed="1" failed="0" skipped="0">
  <reporter-output>
  </reporter-output>
  <suite started-at="2020-10-06T00:12:24 EDT" name="Default suite" finished-at="2020-10-06T00:12:24 EDT" duration-ms="416">
    <groups>
    </groups>
    <test started-at="2020-10-06T00:12:24 EDT" name="Default test" finished-at="2020-10-06T00:12:24 EDT" duration-ms="416">
      <class name="DBPractice.ConnectMySQL">
        <test-method signature="testDB()[pri:0, instance:DBPractice.ConnectMySQL@32502377]" started-at="2020-10-06T00:12:24 EDT" name="testDB" finished-at="2020-10-06T00:12:24 EDT" duration-ms="351" status="PASS">
          <reporter-output>
          </reporter-output>
        </test-method> <!-- testDB -->
      </class> <!-- DBPractice.ConnectMySQL -->
    </test> <!-- Default test -->
  </suite> <!-- Default suite -->
</testng-results>
